Watching for file changes with StatReloader
System check identified some issues:

WARNINGS:
todos.Todo: (models.W042) Auto-created primary key used when not defining a primary key type, by default 'django.db.models.AutoField'.
	HINT: Configure the DEFAULT_AUTO_FIELD setting or the TodosConfig.default_auto_field attribute to point to a subclass of AutoField, e.g. 'django.db.models.BigAutoField'.

System check identified 1 issue (0 silenced).
[07/Dec/2022 11:52:13] "GET /todos/ HTTP/1.1" 200 4671
Not Found: /favicon.ico
[07/Dec/2022 11:52:14] "GET /favicon.ico HTTP/1.1" 404 2574
Not Found: /favicon.ico
[07/Dec/2022 11:52:15] "GET /favicon.ico HTTP/1.1" 404 2574
[07/Dec/2022 11:52:20] "POST /todos/22/update HTTP/1.1" 302 0
[07/Dec/2022 11:52:21] "GET /todos/ HTTP/1.1" 200 4708
Not Found: /favicon.ico
[07/Dec/2022 11:52:21] "GET /favicon.ico HTTP/1.1" 404 2574
[07/Dec/2022 11:52:21] "GET /todos/22/delete HTTP/1.1" 302 0
[07/Dec/2022 11:52:21] "GET /todos/ HTTP/1.1" 200 4093
Not Found: /favicon.ico
[07/Dec/2022 11:52:22] "GET /favicon.ico HTTP/1.1" 404 2574
Not Found: /favicon.ico
[07/Dec/2022 11:52:23] "GET /favicon.ico HTTP/1.1" 404 2574
Performing system checks...

December 07, 2022 - 11:52:06
Django version 3.2.16, using settings 'todoApp.settings'
Starting development server at http://0.0.0.0:8000/
Quit the server with CONTROL-C.
Watching for file changes with StatReloader
System check identified some issues:

WARNINGS:
todos.Todo: (models.W042) Auto-created primary key used when not defining a primary key type, by default 'django.db.models.AutoField'.
	HINT: Configure the DEFAULT_AUTO_FIELD setting or the TodosConfig.default_auto_field attribute to point to a subclass of AutoField, e.g. 'django.db.models.BigAutoField'.

System check identified 1 issue (0 silenced).
Performing system checks...

December 07, 2022 - 11:54:19
Django version 3.2.16, using settings 'todoApp.settings'
Starting development server at http://0.0.0.0:8000/
Quit the server with CONTROL-C.
